<?xml version="1.0" encoding="UTF-8"?>
<testsuite name="entities.carts.CartTest" tests="3" skipped="0" failures="0" errors="0" timestamp="2018-09-11T15:52:31" hostname="DESKTOP-0HEK2F4" time="0.027">
  <properties/>
  <testcase name="addAdditionalProductsOfTheSameTypeToTheShoppingCart" classname="entities.carts.CartTest" time="0.016"/>
  <testcase name="addProductsToShoppingCart" classname="entities.carts.CartTest" time="0.007"/>
  <testcase name="calculateTheTaxRateOfShoppingCartWithMultipleItems" classname="entities.carts.CartTest" time="0.003"/>
  <system-out><![CDATA[Successfully added item Dove Soap to the inventory 
Successfully added item Dove Soap to the Cart
Item Dove Soap is already present in the cart, hence updated the quantity from 5 to 8
Expected Quantity of Dove Soap item in cart = 8
Actual Quantity of Dove Soap item in cart = 8
Expected Total Amount = 319.92
Actual Total Amount = 319.92
Successfully added item Dove Soap to the inventory 
Successfully added item Dove Soap to the Cart
Expected Quantity of Dove Soap item in cart = 5
Actual Quantity of Dove Soap item in cart = 5
Expected Total Amount = 199.95
Actual Total Amount = 199.95
Successfully added item Dove Soap to the inventory 
Successfully added item Axe Deo to the inventory 
Successfully added item Dove Soap to the Cart
Successfully added item Axe Deo to the Cart
Expected Quantity of Dove Soap item in cart = 2
Actual Quantity of Dove Soap item in cart = 2
Expected Quantity of Axe Item item in cart = 2
Actual Quantity of Dove Soap item in cart = 2
Expected Tax amount for rate 12.5% = 35.00
Expected Tax amount for rate 12.5% = 35.0
Expected Total Amount = 314.96
Actual Total Amount = 314.96
]]></system-out>
  <system-err><![CDATA[]]></system-err>
</testsuite>
